  main.c
c:\users\user\desktop\c언어\2018920010\2018920010\2018920010\main.c(37): warning C4133: '함수': 'int [100]'과(와) 'char *' 사이의 형식이 호환되지 않습니다.
c:\users\user\desktop\c언어\2018920010\2018920010\2018920010\main.c(37): warning C4020: 'search_book': 실제 매개 변수가 너무 많습니다.
c:\users\user\desktop\c언어\2018920010\2018920010\2018920010\main.c(39): warning C4047: '함수': 'int'의 간접 참조 수준이 'int [100]'과(와) 다릅니다.
c:\users\user\desktop\c언어\2018920010\2018920010\2018920010\main.c(39): warning C4024: 'add_book': 형식 및 실제 매개 변수 2의 형식이 서로 다릅니다.
c:\users\user\desktop\c언어\2018920010\2018920010\2018920010\main.c(39): warning C4024: 'add_book': 형식 및 실제 매개 변수 5의 형식이 서로 다릅니다.
c:\users\user\desktop\c언어\2018920010\2018920010\2018920010\main.c(39): warning C4047: '함수': 'char'의 간접 참조 수준이 'char [100]'과(와) 다릅니다.
c:\users\user\desktop\c언어\2018920010\2018920010\2018920010\main.c(39): warning C4024: 'add_book': 형식 및 실제 매개 변수 6의 형식이 서로 다릅니다.
c:\users\user\desktop\c언어\2018920010\2018920010\2018920010\main.c(41): warning C4047: '함수': 'char'의 간접 참조 수준이 'char [100]'과(와) 다릅니다.
c:\users\user\desktop\c언어\2018920010\2018920010\2018920010\main.c(41): warning C4024: 'borrow_book': 형식 및 실제 매개 변수 1의 형식이 서로 다릅니다.
c:\users\user\desktop\c언어\2018920010\2018920010\2018920010\main.c(74): warning C4047: '함수': 'int'의 간접 참조 수준이 'int *'과(와) 다릅니다.
c:\users\user\desktop\c언어\2018920010\2018920010\2018920010\main.c(74): warning C4024: 'search': 형식 및 실제 매개 변수 4의 형식이 서로 다릅니다.
c:\users\user\desktop\c언어\2018920010\2018920010\2018920010\main.c(74): warning C4024: 'search': 형식 및 실제 매개 변수 7의 형식이 서로 다릅니다.
c:\users\user\desktop\c언어\2018920010\2018920010\2018920010\main.c(74): warning C4047: '함수': 'int'의 간접 참조 수준이 'char *'과(와) 다릅니다.
c:\users\user\desktop\c언어\2018920010\2018920010\2018920010\main.c(74): warning C4024: 'search': 형식 및 실제 매개 변수 8의 형식이 서로 다릅니다.
c:\users\user\desktop\c언어\2018920010\2018920010\2018920010\main.c(84): warning C4047: '함수': 'int'의 간접 참조 수준이 'int *'과(와) 다릅니다.
c:\users\user\desktop\c언어\2018920010\2018920010\2018920010\main.c(84): warning C4024: 'search': 형식 및 실제 매개 변수 4의 형식이 서로 다릅니다.
c:\users\user\desktop\c언어\2018920010\2018920010\2018920010\main.c(84): warning C4024: 'search': 형식 및 실제 매개 변수 7의 형식이 서로 다릅니다.
c:\users\user\desktop\c언어\2018920010\2018920010\2018920010\main.c(84): warning C4047: '함수': 'int'의 간접 참조 수준이 'char *'과(와) 다릅니다.
c:\users\user\desktop\c언어\2018920010\2018920010\2018920010\main.c(84): warning C4024: 'search': 형식 및 실제 매개 변수 8의 형식이 서로 다릅니다.
c:\users\user\desktop\c언어\2018920010\2018920010\2018920010\main.c(94): warning C4047: '함수': 'int'의 간접 참조 수준이 'int *'과(와) 다릅니다.
c:\users\user\desktop\c언어\2018920010\2018920010\2018920010\main.c(94): warning C4024: 'search': 형식 및 실제 매개 변수 4의 형식이 서로 다릅니다.
c:\users\user\desktop\c언어\2018920010\2018920010\2018920010\main.c(94): warning C4024: 'search': 형식 및 실제 매개 변수 7의 형식이 서로 다릅니다.
c:\users\user\desktop\c언어\2018920010\2018920010\2018920010\main.c(94): warning C4047: '함수': 'int'의 간접 참조 수준이 'char *'과(와) 다릅니다.
c:\users\user\desktop\c언어\2018920010\2018920010\2018920010\main.c(94): warning C4024: 'search': 형식 및 실제 매개 변수 8의 형식이 서로 다릅니다.
c:\users\user\desktop\c언어\2018920010\2018920010\2018920010\main.c(100): warning C4477: 'scanf' : 서식 문자열 '%d'에 'int *' 형식의 인수가 필요하지만 variadic 인수 1의 형식이 'char *'입니다.
  c:\users\user\desktop\c언어\2018920010\2018920010\2018920010\main.c(100): note: 서식 문자열에서 '%hhd'을(를) 사용하는 것이 좋습니다.
c:\users\user\desktop\c언어\2018920010\2018920010\2018920010\main.c(104): warning C4047: '함수': 'int'의 간접 참조 수준이 'int *'과(와) 다릅니다.
c:\users\user\desktop\c언어\2018920010\2018920010\2018920010\main.c(104): warning C4024: 'search': 형식 및 실제 매개 변수 4의 형식이 서로 다릅니다.
c:\users\user\desktop\c언어\2018920010\2018920010\2018920010\main.c(104): warning C4024: 'search': 형식 및 실제 매개 변수 7의 형식이 서로 다릅니다.
c:\users\user\desktop\c언어\2018920010\2018920010\2018920010\main.c(104): warning C4047: '함수': 'int'의 간접 참조 수준이 'char *'과(와) 다릅니다.
c:\users\user\desktop\c언어\2018920010\2018920010\2018920010\main.c(104): warning C4024: 'search': 형식 및 실제 매개 변수 8의 형식이 서로 다릅니다.
c:\users\user\desktop\c언어\2018920010\2018920010\2018920010\main.c(110): warning C4477: 'scanf' : 서식 문자열 '%d'에 'int *' 형식의 인수가 필요하지만 variadic 인수 1의 형식이 'char *'입니다.
  c:\users\user\desktop\c언어\2018920010\2018920010\2018920010\main.c(110): note: 서식 문자열에서 '%hhd'을(를) 사용하는 것이 좋습니다.
c:\users\user\desktop\c언어\2018920010\2018920010\2018920010\main.c(114): warning C4047: '함수': 'int'의 간접 참조 수준이 'int *'과(와) 다릅니다.
c:\users\user\desktop\c언어\2018920010\2018920010\2018920010\main.c(114): warning C4024: 'search': 형식 및 실제 매개 변수 4의 형식이 서로 다릅니다.
c:\users\user\desktop\c언어\2018920010\2018920010\2018920010\main.c(114): warning C4024: 'search': 형식 및 실제 매개 변수 7의 형식이 서로 다릅니다.
c:\users\user\desktop\c언어\2018920010\2018920010\2018920010\main.c(114): warning C4047: '함수': 'int'의 간접 참조 수준이 'char *'과(와) 다릅니다.
c:\users\user\desktop\c언어\2018920010\2018920010\2018920010\main.c(114): warning C4024: 'search': 형식 및 실제 매개 변수 8의 형식이 서로 다릅니다.
c:\users\user\desktop\c언어\2018920010\2018920010\2018920010\main.c(124): warning C4028: 정식 매개 변수 2이(가) 선언과 다릅니다.
c:\users\user\desktop\c언어\2018920010\2018920010\2018920010\main.c(124): warning C4028: 정식 매개 변수 5이(가) 선언과 다릅니다.
c:\users\user\desktop\c언어\2018920010\2018920010\2018920010\main.c(124): warning C4028: 정식 매개 변수 6이(가) 선언과 다릅니다.
c:\users\user\desktop\c언어\2018920010\2018920010\2018920010\main.c(150): warning C4028: 정식 매개 변수 1이(가) 선언과 다릅니다.
c:\users\user\desktop\c언어\2018920010\2018920010\2018920010\main.c(190): warning C4047: '함수': 'const char *'의 간접 참조 수준이 'char'과(와) 다릅니다.
c:\users\user\desktop\c언어\2018920010\2018920010\2018920010\main.c(190): warning C4024: 'strcmp': 형식 및 실제 매개 변수 2의 형식이 서로 다릅니다.
  2018920010.vcxproj -> C:\Users\user\Desktop\c언어\2018920010\2018920010\Debug\2018920010.exe
